Using pre-set license
Built from '2020.3/staging' branch; Version is '2020.3.45f1 (660cd1701bd5) revision 6687953'; Using compiler version '192528614'; Build Type 'Release'
OS: 'Windows 10  (10.0.19045) 64bit Professional' Language: 'en' Physical Memory: 4023 MB
BatchMode: 1, IsHumanControllingUs: 0, StartBugReporterOnCrash: 0, Is64bit: 1, IsPro: 0

COMMAND LINE ARGUMENTS:
C:\Program Files\Unity\Hub\Editor\2020.3.45f1\Editor\Unity.exe
-adb2
-batchMode
-noUpm
-name
AssetImportWorker0
-projectPath
C:/Users/Tibor/Documents/darlasim-remake/Darla Sim Remake
-logFile
Logs/AssetImportWorker0.log
-srvPort
64327
Successfully changed project path to: C:/Users/Tibor/Documents/darlasim-remake/Darla Sim Remake
C:/Users/Tibor/Documents/darlasim-remake/Darla Sim Remake
Using Asset Import Pipeline V2.
Player connection [2612] Host "[IP] 192.168.0.104 [Port] 3221442528 [Flags] 2 [Guid] 1679248509 [EditorId] 1679248509 [Version] 1048832 [Id] WindowsEditor(7,DESKTOP-DTAIG6S) [Debug] 1 [PackageName] WindowsEditor [ProjectName] Editor" joined multi-casting on [225.0.0.222:54997]...

Player connection [2612] Host "[IP] 192.168.0.104 [Port] 3221442528 [Flags] 2 [Guid] 1679248509 [EditorId] 1679248509 [Version] 1048832 [Id] WindowsEditor(7,DESKTOP-DTAIG6S) [Debug] 1 [PackageName] WindowsEditor [ProjectName] Editor" joined alternative multi-casting on [225.0.0.222:34997]...

Refreshing native plugins compatible for Editor in 63.88 ms, found 2 plugins.
Preloading 0 native plugins for Editor in 0.00 ms.
Initialize engine version: 2020.3.45f1 (660cd1701bd5)
[Subsystems] Discovering subsystems at path C:/Program Files/Unity/Hub/Editor/2020.3.45f1/Editor/Data/Resources/UnitySubsystems
[Subsystems] Discovering subsystems at path C:/Users/Tibor/Documents/darlasim-remake/Darla Sim Remake/Assets
GfxDevice: creating device client; threaded=0
Direct3D:
    Version:  Direct3D 11.0 [level 11.0]
    Renderer: NVIDIA GeForce GT 710 (ID=0x128b)
    Vendor:   
    VRAM:     2007 MB
    Driver:   27.21.14.5671
Initialize mono
Mono path[0] = 'C:/Program Files/Unity/Hub/Editor/2020.3.45f1/Editor/Data/Managed'
Mono path[1] = 'C:/Program Files/Unity/Hub/Editor/2020.3.45f1/Editor/Data/MonoBleedingEdge/lib/mono/unityjit'
Mono config path = 'C:/Program Files/Unity/Hub/Editor/2020.3.45f1/Editor/Data/MonoBleedingEdge/etc'
Using monoOptions --debugger-agent=transport=dt_socket,embedding=1,server=y,suspend=n,address=127.0.0.1:56276
Begin MonoManager ReloadAssembly
Registering precompiled unity dll's ...
Register platform support module: C:/Program Files/Unity/Hub/Editor/2020.3.45f1/Editor/Data/PlaybackEngines/WindowsStandaloneSupport/UnityEditor.WindowsStandalone.Extensions.dll
Registered in 0.003609 seconds.
Native extension for WindowsStandalone target not found
Refreshing native plugins compatible for Editor in 57.48 ms, found 2 plugins.
Preloading 0 native plugins for Editor in 0.00 ms.
Mono: successfully reloaded assembly
- Completed reload, in  1.170 seconds
Domain Reload Profiling:
	ReloadAssembly (1170ms)
		BeginReloadAssembly (126ms)
			ExecutionOrderSort (0ms)
			DisableScriptedObjects (0ms)
			BackupInstance (0ms)
			ReleaseScriptingObjects (0ms)
			CreateAndSetChildDomain (1ms)
		EndReloadAssembly (902ms)
			LoadAssemblies (123ms)
			RebuildTransferFunctionScriptingTraits (0ms)
			SetupTypeCache (312ms)
			ReleaseScriptCaches (0ms)
			RebuildScriptCaches (58ms)
			SetupLoadedEditorAssemblies (304ms)
				LogAssemblyErrors (0ms)
				InitializePlatformSupportModulesInManaged (8ms)
				SetLoadedEditorAssemblies (0ms)
				RefreshPlugins (58ms)
				BeforeProcessingInitializeOnLoad (27ms)
				ProcessInitializeOnLoadAttributes (158ms)
				ProcessInitializeOnLoadMethodAttributes (52ms)
				AfterProcessingInitializeOnLoad (0ms)
				EditorAssembliesLoaded (1ms)
			ExecutionOrderSort2 (0ms)
			AwakeInstancesAfterBackupRestoration (0ms)
Platform modules already initialized, skipping
Registering precompiled user dll's ...
Registered in 0.006259 seconds.
Begin MonoManager ReloadAssembly
Native extension for WindowsStandalone target not found
Refreshing native plugins compatible for Editor in 1.00 ms, found 2 plugins.
Preloading 0 native plugins for Editor in 0.00 ms.
Mono: successfully reloaded assembly
- Completed reload, in  2.180 seconds
Domain Reload Profiling:
	ReloadAssembly (2182ms)
		BeginReloadAssembly (298ms)
			ExecutionOrderSort (0ms)
			DisableScriptedObjects (9ms)
			BackupInstance (0ms)
			ReleaseScriptingObjects (0ms)
			CreateAndSetChildDomain (37ms)
		EndReloadAssembly (1729ms)
			LoadAssemblies (232ms)
			RebuildTransferFunctionScriptingTraits (0ms)
			SetupTypeCache (581ms)
			ReleaseScriptCaches (1ms)
			RebuildScriptCaches (101ms)
			SetupLoadedEditorAssemblies (629ms)
				LogAssemblyErrors (0ms)
				InitializePlatformSupportModulesInManaged (9ms)
				SetLoadedEditorAssemblies (3ms)
				RefreshPlugins (1ms)
				BeforeProcessingInitializeOnLoad (188ms)
				ProcessInitializeOnLoadAttributes (399ms)
				ProcessInitializeOnLoadMethodAttributes (17ms)
				AfterProcessingInitializeOnLoad (12ms)
				EditorAssembliesLoaded (1ms)
			ExecutionOrderSort2 (0ms)
			AwakeInstancesAfterBackupRestoration (3ms)
Platform modules already initialized, skipping
========================================================================
Worker process is ready to serve import requests
Launched and connected shader compiler UnityShaderCompiler.exe after 0.09 seconds
Refreshing native plugins compatible for Editor in 0.56 ms, found 2 plugins.
Preloading 0 native plugins for Editor in 0.00 ms.
Unloading 1368 Unused Serialized files (Serialized files now loaded: 0)
System memory in use before: 67.6 MB.
System memory in use after: 67.7 MB.

Unloading 18 unused Assets to reduce memory usage. Loaded Objects now: 1811.
Total: 4.397000 ms (FindLiveObjects: 0.267900 ms CreateObjectMapping: 0.097400 ms MarkObjects: 3.847800 ms  DeleteObjects: 0.181500 ms)

AssetImportParameters requested are different than current active one (requested -> active):
  custom:framework-win-MediaFoundation: 216162199b28c13a410421893ffa2e32 -> 
  custom:video-decoder-ogg-theora: a1e56fd34408186e4bbccfd4996cb3dc -> 
  custom:container-muxer-webm: aa71ff27fc2769a1b78a27578f13a17b -> 
  custom:container-demuxer-webm: 4f35f7cbe854078d1ac9338744f61a02 -> 
  custom:container-demuxer-ogg: 62fdf1f143b41e24485cea50d1cbac27 -> 
  custom:video-encoder-webm-vp8: eb34c28f22e8b96e1ab97ce403110664 -> 
  custom:video-decoder-webm-vp8: 9c59270c3fd7afecdb556c50c9e8de78 -> 
  custom:audio-decoder-ogg-vorbis: bf7c407c2cedff20999df2af8eb42d56 -> 
  custom:audio-encoder-webm-vorbis: bf7c407c2cedff20999df2af8eb42d56 -> 
========================================================================
Received Import Request.
  path: Assets/GUI/talkUI_b.png
  artifactKey: Guid(e5fca2ddfa3a7fb46aa08ceb5d262ff8) Importer(815301076,1909f56bfc062723c751e8b465ee728b)
Start importing Assets/GUI/talkUI_b.png using Guid(e5fca2ddfa3a7fb46aa08ceb5d262ff8) Importer(815301076,1909f56bfc062723c751e8b465ee728b)  -> (artifact id: '88e92143c3eee3a41fbe974736ac76c3') in 0.440387 seconds 
========================================================================
Received Import Request.
  Time since last request: 0.004010 seconds.
  path: Assets/GUI/talkUI_a.png
  artifactKey: Guid(493dc355f54519d45b7f275d20d8ac30) Importer(815301076,1909f56bfc062723c751e8b465ee728b)
Start importing Assets/GUI/talkUI_a.png using Guid(493dc355f54519d45b7f275d20d8ac30) Importer(815301076,1909f56bfc062723c751e8b465ee728b)  -> (artifact id: '437f80e4a08cb95398dfdbab09da16c2') in 0.034946 seconds 
========================================================================
Received Import Request.
  Time since last request: 0.000380 seconds.
  path: Assets/GUI/talkUI_c.png
  artifactKey: Guid(73e8297aa4c70434ba138c203b152c54) Importer(815301076,1909f56bfc062723c751e8b465ee728b)
Start importing Assets/GUI/talkUI_c.png using Guid(73e8297aa4c70434ba138c203b152c54) Importer(815301076,1909f56bfc062723c751e8b465ee728b)  -> (artifact id: '41dd039a22ff858e757c76d766cb7654') in 0.037401 seconds 
========================================================================
Received Import Request.
  Time since last request: 0.000388 seconds.
  path: Assets/GUI/talk_Selector.png
  artifactKey: Guid(33fab79c44fde55468fe50b24025f457) Importer(815301076,1909f56bfc062723c751e8b465ee728b)
Start importing Assets/GUI/talk_Selector.png using Guid(33fab79c44fde55468fe50b24025f457) Importer(815301076,1909f56bfc062723c751e8b465ee728b)  -> (artifact id: 'bcaaf2a695493245a6a26ba64e73dfe7') in 0.039689 seconds 
========================================================================
Received Import Request.
  Time since last request: 468.114488 seconds.
  path: Assets/GUI/talkUI_a.png
  artifactKey: Guid(493dc355f54519d45b7f275d20d8ac30) Importer(815301076,1909f56bfc062723c751e8b465ee728b)
Start importing Assets/GUI/talkUI_a.png using Guid(493dc355f54519d45b7f275d20d8ac30) Importer(815301076,1909f56bfc062723c751e8b465ee728b)  -> (artifact id: '1d3fda7dc27e9dee87c1f1fced7c0aac') in 0.063726 seconds 
========================================================================
Received Import Request.
  Time since last request: 0.000336 seconds.
  path: Assets/GUI/talkUI_b.png
  artifactKey: Guid(e5fca2ddfa3a7fb46aa08ceb5d262ff8) Importer(815301076,1909f56bfc062723c751e8b465ee728b)
Start importing Assets/GUI/talkUI_b.png using Guid(e5fca2ddfa3a7fb46aa08ceb5d262ff8) Importer(815301076,1909f56bfc062723c751e8b465ee728b)  -> (artifact id: 'fe8cfcab80f5253ef69f1c6ec95f2cc0') in 0.082001 seconds 
========================================================================
Received Import Request.
  Time since last request: 0.000364 seconds.
  path: Assets/GUI/talkUI_c.png
  artifactKey: Guid(73e8297aa4c70434ba138c203b152c54) Importer(815301076,1909f56bfc062723c751e8b465ee728b)
Start importing Assets/GUI/talkUI_c.png using Guid(73e8297aa4c70434ba138c203b152c54) Importer(815301076,1909f56bfc062723c751e8b465ee728b)  -> (artifact id: 'c7eb574e6377e16220112863df77ae93') in 0.042136 seconds 
========================================================================
Received Import Request.
  Time since last request: 32.792595 seconds.
  path: Assets/GUI/talkUI_a.png
  artifactKey: Guid(493dc355f54519d45b7f275d20d8ac30) Importer(815301076,1909f56bfc062723c751e8b465ee728b)
Start importing Assets/GUI/talkUI_a.png using Guid(493dc355f54519d45b7f275d20d8ac30) Importer(815301076,1909f56bfc062723c751e8b465ee728b)  -> (artifact id: 'c5a936fce4d0e2af23519edc807f9b5a') in 0.033979 seconds 
========================================================================
Received Import Request.
  Time since last request: 0.000358 seconds.
  path: Assets/GUI/talkUI_b.png
  artifactKey: Guid(e5fca2ddfa3a7fb46aa08ceb5d262ff8) Importer(815301076,1909f56bfc062723c751e8b465ee728b)
Start importing Assets/GUI/talkUI_b.png using Guid(e5fca2ddfa3a7fb46aa08ceb5d262ff8) Importer(815301076,1909f56bfc062723c751e8b465ee728b)  -> (artifact id: '00c52d2f2cd67a64050b8094c7fafe4d') in 0.038276 seconds 
========================================================================
Received Import Request.
  Time since last request: 0.000349 seconds.
  path: Assets/GUI/talkUI_c.png
  artifactKey: Guid(73e8297aa4c70434ba138c203b152c54) Importer(815301076,1909f56bfc062723c751e8b465ee728b)
Start importing Assets/GUI/talkUI_c.png using Guid(73e8297aa4c70434ba138c203b152c54) Importer(815301076,1909f56bfc062723c751e8b465ee728b)  -> (artifact id: '0e367eae9ec584987ada7673b172dc59') in 0.035293 seconds 
AssetImportWorkerClient::OnTransportError - code=2 error=End of file
